<?xml version="1.0" encoding="UTF-8"?>
<!-- Generated by org.testng.reporters.JUnitReportReporter -->
<testsuite hostname="chinna-PC" name="com.auto_Testscript.Testscript" tests="1" failures="0" timestamp="13 Feb 2017 17:49:48 GMT" time="8.711" errors="0">
  <testcase name="testbaseobject" time="8.711" classname="com.auto_Testscript.Testscript"/>
</testsuite> <!-- com.auto_Testscript.Testscript -->
